<?xml version="1.0" encoding="UTF-8"?>
<coverage generated="1718800800195" clover="3.2.0">
  <project timestamp="1718800800195" name="All files">
    <metrics statements="8" coveredstatements="2" conditionals="0" coveredconditionals="0" methods="6" coveredmethods="1" elements="14" coveredelements="3" complexity="0" loc="8" ncloc="8" packages="1" files="2" classes="2"/>
    <file name="AbstractView.js" path="/Users/olivermayer/codingstuff/[playground/Vanilla JS/vanilla-spa/frontend/static/js/views/AbstractView.js">
      <metrics statements="3" coveredstatements="0" conditionals="0" coveredconditionals="0" methods="3" coveredmethods="0"/>
      <line num="3" count="0" type="stmt"/>
      <line num="7" count="0" type="stmt"/>
      <line num="11" count="0" type="stmt"/>
    </file>
    <file name="Dashboard.js" path="/Users/olivermayer/codingstuff/[playground/Vanilla JS/vanilla-spa/frontend/static/js/views/Dashboard.js">
      <metrics statements="5" coveredstatements="2" conditionals="0" coveredconditionals="0" methods="3" coveredmethods="1"/>
      <line num="11" count="0" type="stmt"/>
      <line num="12" count="0" type="stmt"/>
      <line num="16" count="0" type="stmt"/>
      <line num="27" count="1" type="stmt"/>
      <line num="31" count="2" type="stmt"/>
    </file>
  </project>
</coverage>
